<?xml version="1.0" encoding="UTF-8"?>
<!-- Generated by org.testng.reporters.JUnitReportReporter -->
<testsuite name="com.wbl.restapi.TwitterGetTest" tests="2" time="0.733" ignored="1" failures="0" timestamp="06 Jul 2017 19:10:26 GMT" skipped="0" hostname="DESKTOP-ID9MJDP" errors="0">
  <testcase name="testApi2" time="0.128" classname="com.wbl.restapi.TwitterGetTest"/>
  <testcase name="testApi" time="0.605" classname="com.wbl.restapi.TwitterGetTest"/>
  <testcase name="beforeSuite" classname="com.wbl.base.HttpBaseApi">
    <skipped/>
  </testcase> <!-- beforeSuite -->
</testsuite> <!-- com.wbl.restapi.TwitterGetTest -->
