<?xml version="1.0" encoding="UTF-8"?>
<!-- Generated by org.testng.reporters.JUnitReportReporter -->
<testsuite name="com.wbl.restapi.TwitterPostTest" tests="1" time="0.000" ignored="0" failures="0" timestamp="06 Jul 2017 19:15:33 GMT" skipped="1" hostname="DESKTOP-ID9MJDP" errors="0">
  <testcase name="apiTest" time="0.000" classname="com.wbl.restapi.TwitterPostTest">
    <skipped/>
  </testcase> <!-- apiTest -->
</testsuite> <!-- com.wbl.restapi.TwitterPostTest -->
