<?xml version="1.0" encoding="UTF-8"?>
<!-- Generated by org.testng.reporters.JUnitReportReporter -->
<testsuite name="com.wbl.HomePageTest" tests="1" time="3.339" ignored="0" failures="0" timestamp="28 Jun 2017 19:13:55 GMT" skipped="0" hostname="DESKTOP-ID9MJDP" errors="0">
  <testcase name="searchTest" time="3.339" classname="com.wbl.HomePageTest"/>
</testsuite> <!-- com.wbl.HomePageTest -->
