<?xml version="1.0" encoding="UTF-8"?>
<!-- Generated by org.testng.reporters.JUnitReportReporter -->
<testsuite name="com.wbl.SearchResultsPageTest" tests="1" time="51.316" ignored="2" failures="0" timestamp="03 Jul 2017 18:43:30 GMT" skipped="0" hostname="DESKTOP-ID9MJDP" errors="0">
  <testcase name="clickSearchResultTest" time="51.316" classname="com.wbl.SearchResultsPageTest"/>
  <testcase name="beforeSuite" classname="com.wbl.base.BaseTest">
    <skipped/>
  </testcase> <!-- beforeSuite -->
  <testcase name="beforeTest" classname="com.wbl.base.BaseTest">
    <skipped/>
  </testcase> <!-- beforeTest -->
</testsuite> <!-- com.wbl.SearchResultsPageTest -->
