<?xml version="1.0" encoding="UTF-8"?>
<!-- Generated by org.testng.reporters.JUnitReportReporter -->
<testsuite name="com.wbl.HomePageTest" tests="2" time="33.717" ignored="2" failures="0" timestamp="03 Jul 2017 19:30:25 GMT" skipped="0" hostname="DESKTOP-ID9MJDP" errors="0">
  <testcase name="searchTest" time="16.509" classname="com.wbl.HomePageTest"/>
  <testcase name="searchTest" time="17.208" classname="com.wbl.HomePageTest"/>
  <testcase name="sliderImagesTest" classname="com.wbl.HomePageTest">
    <skipped/>
  </testcase> <!-- sliderImagesTest -->
  <testcase name="headerNavLinksTest" classname="com.wbl.HomePageTest">
    <skipped/>
  </testcase> <!-- headerNavLinksTest -->
</testsuite> <!-- com.wbl.HomePageTest -->
