<?xml version="1.0" encoding="UTF-8"?>
<!-- Generated by org.testng.reporters.JUnitReportReporter -->
<testsuite name="com.wbl.SearchResultDetailPageTest" tests="1" time="32.228" ignored="0" failures="0" timestamp="03 Jul 2017 18:03:52 GMT" skipped="0" hostname="DESKTOP-ID9MJDP" errors="0">
  <testcase name="imagePresentTest" time="32.228" classname="com.wbl.SearchResultDetailPageTest"/>
</testsuite> <!-- com.wbl.SearchResultDetailPageTest -->
