<?xml version="1.0" encoding="UTF-8"?>
<!-- Generated by org.testng.reporters.JUnitReportReporter -->
<testsuite name="com.wbl.TwitterPostTest" tests="1" time="0.739" ignored="0" failures="0" timestamp="06 Jul 2017 18:39:50 GMT" skipped="0" hostname="DESKTOP-ID9MJDP" errors="0">
  <testcase name="apiTest" time="0.739" classname="com.wbl.TwitterPostTest"/>
</testsuite> <!-- com.wbl.TwitterPostTest -->
