<?xml version="1.0" encoding="UTF-8"?>
<!-- Generated by org.testng.reporters.JUnitReportReporter -->
<testsuite name="com.wbl.FirstApiTest" tests="1" time="0.797" ignored="0" failures="0" timestamp="06 Jul 2017 00:22:43 GMT" skipped="0" hostname="DESKTOP-ID9MJDP" errors="0">
  <testcase name="testApi" time="0.797" classname="com.wbl.FirstApiTest"/>
</testsuite> <!-- com.wbl.FirstApiTest -->
