<?xml version="1.0" encoding="UTF-8"?>
<!-- Generated by org.testng.reporters.JUnitReportReporter -->
<testsuite name="com.wbl.FileUpload" tests="1" time="15.290" ignored="0" failures="0" timestamp="27 Jun 2017 17:20:52 GMT" skipped="0" hostname="DESKTOP-ID9MJDP" errors="0">
  <testcase name="fileUploadWithAutoIt" time="15.290" classname="com.wbl.FileUpload"/>
</testsuite> <!-- com.wbl.FileUpload -->
