<?xml version="1.0" encoding="UTF-8"?>
<!-- Generated by org.testng.reporters.JUnitReportReporter -->
<testsuite name="com.wbl.HiddenElements" tests="1" time="2.929" ignored="0" failures="0" timestamp="27 Jun 2017 18:13:07 GMT" skipped="0" hostname="DESKTOP-ID9MJDP" errors="0">
  <testcase name="fileUploadWithAutoIt" time="2.929" classname="com.wbl.HiddenElements"/>
</testsuite> <!-- com.wbl.HiddenElements -->
