<?xml version="1.0" encoding="UTF-8"?>
<!-- Generated by org.testng.reporters.JUnitReportReporter -->
<testsuite name="com.wbl.Tables" tests="1" time="3.218" ignored="0" failures="0" timestamp="27 Jun 2017 18:37:29 GMT" skipped="0" hostname="DESKTOP-ID9MJDP" errors="0">
  <testcase name="fileUploadWithAutoIt" time="3.218" classname="com.wbl.Tables"/>
</testsuite> <!-- com.wbl.Tables -->
