<?xml version="1.0" encoding="UTF-8"?>
<!-- Generated by org.testng.reporters.JUnitReportReporter -->
<testsuite name="com.wbl.SeleniumOtherTopics" tests="1" time="17.078" ignored="0" failures="0" timestamp="27 Jun 2017 17:57:56 GMT" skipped="0" hostname="DESKTOP-ID9MJDP" errors="0">
  <testcase name="javascriptExecutor" time="17.078" classname="com.wbl.SeleniumOtherTopics"/>
</testsuite> <!-- com.wbl.SeleniumOtherTopics -->
