<?xml version="1.0" encoding="UTF-8"?>
<!-- Generated by org.testng.reporters.JUnitReportReporter -->
<testsuite name="com.wbl.Alerts_BrowserNotifications" tests="1" time="7.230" ignored="0" failures="0" timestamp="27 Jun 2017 18:58:04 GMT" skipped="0" hostname="DESKTOP-ID9MJDP" errors="0">
  <testcase name="fileUploadWithAutoIt" time="7.230" classname="com.wbl.Alerts_BrowserNotifications"/>
</testsuite> <!-- com.wbl.Alerts_BrowserNotifications -->
