<?xml version="1.0" encoding="UTF-8"?>
<!-- Generated by org.testng.reporters.JUnitReportReporter -->
<testsuite name="com.wbl.FileUpload" tests="1" time="18.039" ignored="0" failures="0" timestamp="26 Jun 2017 19:39:48 GMT" skipped="0" hostname="DESKTOP-ID9MJDP" errors="0">
  <testcase name="fileUploadWithAutoIt" time="18.039" classname="com.wbl.FileUpload"/>
</testsuite> <!-- com.wbl.FileUpload -->
