<?xml version="1.0" encoding="UTF-8"?>
<!-- Generated by org.testng.reporters.JUnitReportReporter -->
<testsuite name="com.wbl.DragAndDrop" tests="1" time="7.221" ignored="3" failures="0" timestamp="23 Jun 2017 18:46:14 GMT" skipped="0" hostname="DESKTOP-ID9MJDP" errors="0">
  <testcase name="handleCookies" time="7.221" classname="com.wbl.DragAndDrop"/>
  <testcase name="webElementMethods" classname="com.wbl.DragAndDrop">
    <skipped/>
  </testcase> <!-- webElementMethods -->
  <testcase name="dragAndDropActions" classname="com.wbl.DragAndDrop">
    <skipped/>
  </testcase> <!-- dragAndDropActions -->
  <testcase name="navigate" classname="com.wbl.DragAndDrop">
    <skipped/>
  </testcase> <!-- navigate -->
</testsuite> <!-- com.wbl.DragAndDrop -->
