<?xml version="1.0" encoding="UTF-8"?>
<!-- Generated by org.testng.reporters.JUnitReportReporter -->
<testsuite name="com.wbl.SiginInTest" tests="1" time="7.717" ignored="0" failures="0" timestamp="27 Jun 2017 17:24:27 GMT" skipped="0" hostname="DESKTOP-ID9MJDP" errors="0">
  <testcase name="fileUploadWithAutoIt" time="7.717" classname="com.wbl.SiginInTest"/>
</testsuite> <!-- com.wbl.SiginInTest -->
